<?xml version="1.0" encoding="UTF-8"?>
<!-- Generated by org.testng.reporters.JUnitXMLReporter -->
<testsuite ignored="0" hostname="DESKTOP-TTAV2T1" failures="0" tests="3" name="Netbanking" time="0.168" errors="0" timestamp="2022-09-10T12:24:31 IST">
  <testcase classname="org.altairretro.practice.RealOne" name="test1" time="0.014"/>
  <testcase classname="org.altairretro.practice.RealTwo" name="test2" time="0.007"/>
  <testcase classname="org.altairretro.practice.RealThree" name="test3" time="0.006"/>
</testsuite> <!-- Netbanking -->
